-------------------------------------------------------------------------------
Test set: com.usa.misiontic.masterclass3.MasterClass3ApplicationTests
-------------------------------------------------------------------------------
Tests run: 1, Failures: 0, Errors: 1, Skipped: 0, Time elapsed: 3.965 s <<< FAILURE! - in com.usa.misiontic.masterclass3.MasterClass3ApplicationTests
contextLoads  Time elapsed: 0 s  <<< ERROR!
java.lang.IllegalStateException: Failed to load ApplicationContext
Caused by: org.springframework.beans.factory.BeanCreationException: Error creating bean with name 'entityManagerFactory' defined in class path resource [org/springframework/boot/autoconfigure/orm/jpa/HibernateJpaConfiguration.class]: Invocation of init method failed; nested exception is org.hibernate.AnnotationException: mappedBy reference an unknown target entity property: com.usa.misiontic.masterclass3.entities.Toool.client in com.usa.misiontic.masterclass3.entities.Client.tools
Caused by: org.hibernate.AnnotationException: mappedBy reference an unknown target entity property: com.usa.misiontic.masterclass3.entities.Toool.client in com.usa.misiontic.masterclass3.entities.Client.tools

